<?xml version="1.0" encoding="UTF-8"?>
<testsuite xmlns:xsi="http://www.w3.org/2001/XMLSchema-instance" xsi:noNamespaceSchemaLocation="https://maven.apache.org/surefire/maven-surefire-plugin/xsd/surefire-test-report.xsd" name="dat.tdd.koans.MainTest" time="0.047" tests="1" errors="0" skipped="0" failures="1">
  <properties>
[...]
</properties>
  <testcase name="moreNamesTest" classname="dat.tdd.koans.MainTest" time="0.044">
    <failure message="expected: &lt;Hello, Bob, Kurt and Brian&gt; but was: &lt;hello, Bob, Kurt, Brian&gt;" type="org.opentest4j.AssertionFailedError"><![CDATA[org.opentest4j.AssertionFailedError: expected: <Hello, Bob, Kurt and Brian> but was: <hello, Bob, Kurt, Brian>
	at dat.tdd.koans.MainTest.moreNamesTest(MainTest.java:90)
]]></failure>
  </testcase>
</testsuite>